This is pdfTeX, Version 3.141592653-2.6-1.40.24 (MiKTeX 22.3) (preloaded format=pdflatex 2022.7.6)  16 NOV 2022 21:34
entering extended mode
 restricted \write18 enabled.
 file:line:error style messages enabled.
 %&-line parsing enabled.
**"c:/Users/User/Desktop/LAB REPORT MAKER/DATACOM LAB REPORT DEMO/main.tex"
(c:/Users/User/Desktop/LAB REPORT MAKER/DATACOM LAB REPORT DEMO/main.tex
LaTeX2e <2022-06-01> patch level 3
L3 programming layer <2022-06-16> (E:\Yaarian\Download_Software_Installation_Folder\MikTex\tex/latex/base\report.cls
Document Class: report 2021/10/04 v1.4n Standard LaTeX document class
(E:\Yaarian\Download_Software_Installation_Folder\MikTex\tex/latex/base\size12.clo
File: size12.clo 2021/10/04 v1.4n Standard LaTeX file (size option)
)
\c@part=\count185
\c@chapter=\count186
\c@section=\count187
\c@subsection=\count188
\c@subsubsection=\count189
\c@paragraph=\count190
\c@subparagraph=\count191
\c@figure=\count192
\c@table=\count193
\abovecaptionskip=\skip47
\belowcaptionskip=\skip48
\bibindent=\dimen138
) (E:\Yaarian\Download_Software_Installation_Folder\MikTex\tex/latex/graphics\graphicx.sty
Package: graphicx 2021/09/16 v1.2d Enhanced LaTeX Graphics (DPC,SPQR)
 (E:\Yaarian\Download_Software_Installation_Folder\MikTex\tex/latex/graphics\keyval.sty
Package: keyval 2022/05/29 v1.15 key=value parser (DPC)
\KV@toks@=\toks16
) (E:\Yaarian\Download_Software_Installation_Folder\MikTex\tex/latex/graphics\graphics.sty
Package: graphics 2022/03/10 v1.4e Standard LaTeX Graphics (DPC,SPQR)
 (E:\Yaarian\Download_Software_Installation_Folder\MikTex\tex/latex/graphics\trig.sty
Package: trig 2021/08/11 v1.11 sin cos tan (DPC)
) (E:\Yaarian\Download_Software_Installation_Folder\MikTex\tex/latex/graphics-cfg\graphics.cfg
File: graphics.cfg 2016/06/04 v1.11 sample graphics configuration
)
Package graphics Info: Driver file: pdftex.def on input line 107.
 (E:\Yaarian\Download_Software_Installation_Folder\MikTex\tex/latex/graphics-def\pdftex.def
File: pdftex.def 2020/10/05 v1.2a Graphics/color driver for pdftex
))
\Gin@req@height=\dimen139
\Gin@req@width=\dimen140
) (E:\Yaarian\Download_Software_Installation_Folder\MikTex\tex/latex/amsmath\amsmath.sty
Package: amsmath 2022/04/08 v2.17n AMS math features
\@mathmargin=\skip49

For additional information on amsmath, use the `?' option.
(E:\Yaarian\Download_Software_Installation_Folder\MikTex\tex/latex/amsmath\amstext.sty
Package: amstext 2021/08/26 v2.01 AMS text
 (E:\Yaarian\Download_Software_Installation_Folder\MikTex\tex/latex/amsmath\amsgen.sty
File: amsgen.sty 1999/11/30 v2.0 generic functions
\@emptytoks=\toks17
\ex@=\dimen141
)) (E:\Yaarian\Download_Software_Installation_Folder\MikTex\tex/latex/amsmath\amsbsy.sty
Package: amsbsy 1999/11/29 v1.2d Bold Symbols
\pmbraise@=\dimen142
) (E:\Yaarian\Download_Software_Installation_Folder\MikTex\tex/latex/amsmath\amsopn.sty
Package: amsopn 2022/04/08 v2.04 operator names
)
\inf@bad=\count194
LaTeX Info: Redefining \frac on input line 234.
\uproot@=\count195
\leftroot@=\count196
LaTeX Info: Redefining \overline on input line 399.
LaTeX Info: Redefining \colon on input line 410.
\classnum@=\count197
\DOTSCASE@=\count198
LaTeX Info: Redefining \ldots on input line 496.
LaTeX Info: Redefining \dots on input line 499.
LaTeX Info: Redefining \cdots on input line 620.
\Mathstrutbox@=\box51
\strutbox@=\box52
LaTeX Info: Redefining \big on input line 722.
LaTeX Info: Redefining \Big on input line 723.
LaTeX Info: Redefining \bigg on input line 724.
LaTeX Info: Redefining \Bigg on input line 725.
\big@size=\dimen143
LaTeX Font Info:    Redeclaring font encoding OML on input line 743.
LaTeX Font Info:    Redeclaring font encoding OMS on input line 744.
\macc@depth=\count199
LaTeX Info: Redefining \bmod on input line 905.
LaTeX Info: Redefining \pmod on input line 910.
LaTeX Info: Redefining \smash on input line 940.
LaTeX Info: Redefining \relbar on input line 970.
LaTeX Info: Redefining \Relbar on input line 971.
\c@MaxMatrixCols=\count266
\dotsspace@=\muskip16
\c@parentequation=\count267
\dspbrk@lvl=\count268
\tag@help=\toks18
\row@=\count269
\column@=\count270
\maxfields@=\count271
\andhelp@=\toks19
\eqnshift@=\dimen144
\alignsep@=\dimen145
\tagshift@=\dimen146
\tagwidth@=\dimen147
\totwidth@=\dimen148
\lineht@=\dimen149
\@envbody=\toks20
\multlinegap=\skip50
\multlinetaggap=\skip51
\mathdisplay@stack=\toks21
LaTeX Info: Redefining \[ on input line 2953.
LaTeX Info: Redefining \] on input line 2954.
) (E:\Yaarian\Download_Software_Installation_Folder\MikTex\tex/latex/import\import.sty
Package: import 2020/04/01  v 6.2
) (formatting.sty (E:\Yaarian\Download_Software_Installation_Folder\MikTex\tex/latex/base\inputenc.sty
Package: inputenc 2021/02/14 v1.3d Input encoding file
\inpenc@prehook=\toks22
\inpenc@posthook=\toks23
) (E:\Yaarian\Download_Software_Installation_Folder\MikTex\tex/latex/hyperref\nameref.sty
Package: nameref 2022-05-17 v2.50 Cross-referencing by name of section
 (E:\Yaarian\Download_Software_Installation_Folder\MikTex\tex/latex/refcount\refcount.sty
Package: refcount 2019/12/15 v3.6 Data extraction from label references (HO)
 (E:\Yaarian\Download_Software_Installation_Folder\MikTex\tex/generic/ltxcmds\ltxcmds.sty
Package: ltxcmds 2020-05-10 v1.25 LaTeX kernel commands for general use (HO)
) (E:\Yaarian\Download_Software_Installation_Folder\MikTex\tex/generic/infwarerr\infwarerr.sty
Package: infwarerr 2019/12/03 v1.5 Providing info/warning/error messages (HO)
)) (E:\Yaarian\Download_Software_Installation_Folder\MikTex\tex/generic/gettitlestring\gettitlestring.sty
Package: gettitlestring 2019/12/15 v1.6 Cleanup title references (HO)
 (E:\Yaarian\Download_Software_Installation_Folder\MikTex\tex/latex/kvoptions\kvoptions.sty
Package: kvoptions 2022-06-15 v3.15 Key value format for package options (HO)
 (E:\Yaarian\Download_Software_Installation_Folder\MikTex\tex/generic/kvsetkeys\kvsetkeys.sty
Package: kvsetkeys 2019/12/15 v1.18 Key value parser (HO)
)))
\c@section@level=\count272
) (E:\Yaarian\Download_Software_Installation_Folder\MikTex\tex/latex/mathtools\mathtools.sty
Package: mathtools 2022/06/29 v1.29 mathematical typesetting tools
 (E:\Yaarian\Download_Software_Installation_Folder\MikTex\tex/latex/tools\calc.sty
Package: calc 2017/05/25 v4.3 Infix arithmetic (KKT,FJ)
\calc@Acount=\count273
\calc@Bcount=\count274
\calc@Adimen=\dimen150
\calc@Bdimen=\dimen151
\calc@Askip=\skip52
\calc@Bskip=\skip53
LaTeX Info: Redefining \setlength on input line 80.
LaTeX Info: Redefining \addtolength on input line 81.
\calc@Ccount=\count275
\calc@Cskip=\skip54
) (E:\Yaarian\Download_Software_Installation_Folder\MikTex\tex/latex/mathtools\mhsetup.sty
Package: mhsetup 2021/03/18 v1.4 programming setup (MH)
)
\g_MT_multlinerow_int=\count276
\l_MT_multwidth_dim=\dimen152
\origjot=\skip55
\l_MT_shortvdotswithinadjustabove_dim=\dimen153
\l_MT_shortvdotswithinadjustbelow_dim=\dimen154
\l_MT_above_intertext_sep=\dimen155
\l_MT_below_intertext_sep=\dimen156
\l_MT_above_shortintertext_sep=\dimen157
\l_MT_below_shortintertext_sep=\dimen158
\xmathstrut@box=\box53
\xmathstrut@dim=\dimen159
) (E:\Yaarian\Download_Software_Installation_Folder\MikTex\tex/latex/amscls\amsthm.sty
Package: amsthm 2020/05/29 v2.20.6
\thm@style=\toks24
\thm@bodyfont=\toks25
\thm@headfont=\toks26
\thm@notefont=\toks27
\thm@headpunct=\toks28
\thm@preskip=\skip56
\thm@postskip=\skip57
\thm@headsep=\skip58
\dth@everypar=\toks29
) (E:\Yaarian\Download_Software_Installation_Folder\MikTex\tex/latex/amsfonts\amssymb.sty
Package: amssymb 2013/01/14 v3.01 AMS font symbols
 (E:\Yaarian\Download_Software_Installation_Folder\MikTex\tex/latex/amsfonts\amsfonts.sty
Package: amsfonts 2013/01/14 v3.01 Basic AMSFonts support
\symAMSa=\mathgroup4
\symAMSb=\mathgroup5
LaTeX Font Info:    Redeclaring math symbol \hbar on input line 98.
LaTeX Font Info:    Overwriting math alphabet `\mathfrak' in version `bold'
(Font)                  U/euf/m/n --> U/euf/b/n on input line 106.
)) (E:\Yaarian\Download_Software_Installation_Folder\MikTex\tex/latex/booktabs\booktabs.sty
Package: booktabs 2020/01/12 v1.61803398 Publication quality tables
\heavyrulewidth=\dimen160
\lightrulewidth=\dimen161
\cmidrulewidth=\dimen162
\belowrulesep=\dimen163
\belowbottomsep=\dimen164
\aboverulesep=\dimen165
\abovetopsep=\dimen166
\cmidrulesep=\dimen167
\cmidrulekern=\dimen168
\defaultaddspace=\dimen169
\@cmidla=\count277
\@cmidlb=\count278
\@aboverulesep=\dimen170
\@belowrulesep=\dimen171
\@thisruleclass=\count279
\@lastruleclass=\count280
\@thisrulewidth=\dimen172
) (E:\Yaarian\Download_Software_Installation_Folder\MikTex\tex/latex/threeparttable\threeparttable.sty
Package: threeparttable 2003/06/13  v 3.0
\@tempboxb=\box54
) (E:\Yaarian\Download_Software_Installation_Folder\MikTex\tex/latex/caption\subcaption.sty
Package: subcaption 2022/01/07 v1.5 Sub-captions (AR)
 (E:\Yaarian\Download_Software_Installation_Folder\MikTex\tex/latex/caption\caption.sty
Package: caption 2022/03/01 v3.6b Customizing captions (AR)
 (E:\Yaarian\Download_Software_Installation_Folder\MikTex\tex/latex/caption\caption3.sty
Package: caption3 2022/03/17 v2.3b caption3 kernel (AR)
\caption@tempdima=\dimen173
\captionmargin=\dimen174
\caption@leftmargin=\dimen175
\caption@rightmargin=\dimen176
\caption@width=\dimen177
\caption@indent=\dimen178
\caption@parindent=\dimen179
\caption@hangindent=\dimen180
Package caption Info: Standard document class detected.
)
\c@caption@flags=\count281
\c@continuedfloat=\count282
Package caption Info: threeparttable package is loaded.
)
\c@subfigure=\count283
\c@subtable=\count284
) (E:\Yaarian\Download_Software_Installation_Folder\MikTex\tex/latex/appendix\appendix.sty
Package: appendix 2020/02/08 v1.2c extra appendix facilities
\c@@pps=\count285
\c@@ppsavesec=\count286
\c@@ppsaveapp=\count287
) (E:\Yaarian\Download_Software_Installation_Folder\MikTex\tex/latex/natbib\natbib.sty
Package: natbib 2010/09/13 8.31b (PWD, AO)
\bibhang=\skip59
\bibsep=\skip60
LaTeX Info: Redefining \cite on input line 694.
\c@NAT@ctr=\count288
) (E:\Yaarian\Download_Software_Installation_Folder\MikTex\tex/latex/preprint\authblk.sty
Package: authblk 2001/02/27 1.3 (PWD)
\affilsep=\skip61
\@affilsep=\skip62
\c@Maxaffil=\count289
\c@authors=\count290
\c@affil=\count291
) (E:\Yaarian\Download_Software_Installation_Folder\MikTex\tex/latex/lipsum\lipsum.sty (E:\Yaarian\Download_Software_Installation_Folder\MikTex\tex/latex/l3packages/l3keys2e\l3keys2e.sty (E:\Yaarian\Download_Software_Installation_Folder\MikTex\tex/latex/l3kernel\expl3.sty
Package: expl3 2022-06-16 L3 programming layer (loader) 
 (E:\Yaarian\Download_Software_Installation_Folder\MikTex\tex/latex/l3backend\l3backend-pdftex.def
File: l3backend-pdftex.def 2022-04-20 L3 backend support: PDF output (pdfTeX)
\l__color_backend_stack_int=\count292
\l__pdf_internal_box=\box55
))
Package: l3keys2e 2022-06-22 LaTeX2e option processing using LaTeX3 keys
)
Package: lipsum 2021-09-20 v2.7 150 paragraphs of Lorem Ipsum dummy text
\g__lipsum_par_int=\count293
\l__lipsum_a_int=\count294
\l__lipsum_b_int=\count295
 (E:\Yaarian\Download_Software_Installation_Folder\MikTex\tex/latex/lipsum\lipsum.ltd.tex)) (E:\Yaarian\Download_Software_Installation_Folder\MikTex\tex/latex/geometry\geometry.sty
Package: geometry 2020/01/02 v5.9 Page Geometry
 (E:\Yaarian\Download_Software_Installation_Folder\MikTex\tex/generic/iftex\ifvtex.sty
Package: ifvtex 2019/10/25 v1.7 ifvtex legacy package. Use iftex instead.
 (E:\Yaarian\Download_Software_Installation_Folder\MikTex\tex/generic/iftex\iftex.sty
Package: iftex 2022/02/03 v1.0f TeX engine tests
))
\Gm@cnth=\count296
\Gm@cntv=\count297
\c@Gm@tempcnt=\count298
\Gm@bindingoffset=\dimen181
\Gm@wd@mp=\dimen182
\Gm@odd@mp=\dimen183
\Gm@even@mp=\dimen184
\Gm@layoutwidth=\dimen185
\Gm@layoutheight=\dimen186
\Gm@layouthoffset=\dimen187
\Gm@layoutvoffset=\dimen188
\Gm@dimlist=\toks30
 (E:\Yaarian\Download_Software_Installation_Folder\MikTex\tex/latex/geometry\geometry.cfg)) (E:\Yaarian\Download_Software_Installation_Folder\MikTex\tex/latex/carlito\carlito.sty
Package: carlito 2014/08/20 (Bob Tennent) Supports Carlito fonts for LaTeX, pdfLaTeX, luaLaTeX and xeLaTeX.
 (E:\Yaarian\Download_Software_Installation_Folder\MikTex\tex/generic/iftex\ifxetex.sty
Package: ifxetex 2019/10/25 v0.7 ifxetex legacy package. Use iftex instead.
) (E:\Yaarian\Download_Software_Installation_Folder\MikTex\tex/generic/iftex\ifluatex.sty
Package: ifluatex 2019/10/25 v1.5 ifluatex legacy package. Use iftex instead.
) (E:\Yaarian\Download_Software_Installation_Folder\MikTex\tex/latex/xkeyval\xkeyval.sty
Package: xkeyval 2022/06/16 v2.9 package option processing (HA)
 (E:\Yaarian\Download_Software_Installation_Folder\MikTex\tex/generic/xkeyval\xkeyval.tex (E:\Yaarian\Download_Software_Installation_Folder\MikTex\tex/generic/xkeyval\xkvutils.tex
\XKV@toks=\toks31
\XKV@tempa@toks=\toks32
)
\XKV@depth=\count299
File: xkeyval.tex 2014/12/03 v2.7a key=value parser (HA)
)) (E:\Yaarian\Download_Software_Installation_Folder\MikTex\tex/latex/base\textcomp.sty
Package: textcomp 2020/02/02 v2.0n Standard LaTeX package
) (E:\Yaarian\Download_Software_Installation_Folder\MikTex\tex/latex/base\fontenc.sty
Package: fontenc 2021/04/29 v2.0v Standard LaTeX package
) (E:\Yaarian\Download_Software_Installation_Folder\MikTex\tex/latex/fontaxes\fontaxes.sty
Package: fontaxes 2020/07/21 v1.0e Font selection axes
LaTeX Info: Redefining \upshape on input line 29.
LaTeX Info: Redefining \itshape on input line 31.
LaTeX Info: Redefining \slshape on input line 33.
LaTeX Info: Redefining \swshape on input line 35.
LaTeX Info: Redefining \scshape on input line 37.
LaTeX Info: Redefining \sscshape on input line 39.
LaTeX Info: Redefining \ulcshape on input line 41.
LaTeX Info: Redefining \textsw on input line 47.
LaTeX Info: Redefining \textssc on input line 48.
LaTeX Info: Redefining \textulc on input line 49.
)) (E:\Yaarian\Download_Software_Installation_Folder\MikTex\tex/latex/titlesec\titlesec.sty
Package: titlesec 2021/07/05 v2.14 Sectioning titles
\ttl@box=\box56
\beforetitleunit=\skip63
\aftertitleunit=\skip64
\ttl@plus=\dimen189
\ttl@minus=\dimen190
\ttl@toksa=\toks33
\titlewidth=\dimen191
\titlewidthlast=\dimen192
\titlewidthfirst=\dimen193
) (E:\Yaarian\Download_Software_Installation_Folder\MikTex\tex/latex/enumitem\enumitem.sty
Package: enumitem 2019/06/20 v3.9 Customized lists
\labelindent=\skip65
\enit@outerparindent=\dimen194
\enit@toks=\toks34
\enit@inbox=\box57
\enit@count@id=\count300
\enitdp@description=\count301
) (E:\Yaarian\Download_Software_Installation_Folder\MikTex\tex/latex/tools\array.sty
Package: array 2021/10/04 v2.5f Tabular extension package (FMi)
\col@sep=\dimen195
\ar@mcellbox=\box58
\extrarowheight=\dimen196
\NC@list=\toks35
\extratabsurround=\skip66
\backup@length=\skip67
\ar@cellbox=\box59
) (E:\Yaarian\Download_Software_Installation_Folder\MikTex\tex/latex/pdflscape\pdflscape.sty
Package: pdflscape 2019/12/05 v0.12 Display of landscape pages in PDF (HO)
 (E:\Yaarian\Download_Software_Installation_Folder\MikTex\tex/latex/graphics\lscape.sty
Package: lscape 2020/05/28 v3.02 Landscape Pages (DPC)
)
Package pdflscape Info: Auto-detected driver: pdftex on input line 81.
) (E:\Yaarian\Download_Software_Installation_Folder\MikTex\tex/latex/etoolbox\etoolbox.sty
Package: etoolbox 2020/10/05 v2.5k e-TeX tools for LaTeX (JAW)
\etb@tempcnta=\count302
) (E:\Yaarian\Download_Software_Installation_Folder\MikTex\tex/latex/titlesec\titletoc.sty
Package: titletoc 2021/07/05 v2.14 TOC entries
\ttl@leftsep=\dimen197
)) (E:\Yaarian\Download_Software_Installation_Folder\MikTex\tex/latex/xcolor\xcolor.sty
Package: xcolor 2022/06/12 v2.14 LaTeX color extensions (UK)
 (E:\Yaarian\Download_Software_Installation_Folder\MikTex\tex/latex/graphics-cfg\color.cfg
File: color.cfg 2016/01/02 v1.6 sample color configuration
)
Package xcolor Info: Driver file: pdftex.def on input line 227.
 (E:\Yaarian\Download_Software_Installation_Folder\MikTex\tex/latex-dev/graphics\mathcolor.ltx)
Package xcolor Info: Model `cmy' substituted by `cmy0' on input line 1353.
Package xcolor Info: Model `hsb' substituted by `rgb' on input line 1357.
Package xcolor Info: Model `RGB' extended on input line 1369.
Package xcolor Info: Model `HTML' substituted by `rgb' on input line 1371.
Package xcolor Info: Model `Hsb' substituted by `hsb' on input line 1372.
Package xcolor Info: Model `tHsb' substituted by `hsb' on input line 1373.
Package xcolor Info: Model `HSB' substituted by `hsb' on input line 1374.
Package xcolor Info: Model `Gray' substituted by `gray' on input line 1375.
Package xcolor Info: Model `wave' substituted by `hsb' on input line 1376.
) (E:\Yaarian\Download_Software_Installation_Folder\MikTex\tex/latex/hyperref\hyperref.sty
Package: hyperref 2022-06-20 v7.00s Hypertext links for LaTeX
 (E:\Yaarian\Download_Software_Installation_Folder\MikTex\tex/generic/pdftexcmds\pdftexcmds.sty
Package: pdftexcmds 2020-06-27 v0.33 Utility functions of pdfTeX for LuaTeX (HO)
Package pdftexcmds Info: \pdf@primitive is available.
Package pdftexcmds Info: \pdf@ifprimitive is available.
Package pdftexcmds Info: \pdfdraftmode found.
) (E:\Yaarian\Download_Software_Installation_Folder\MikTex\tex/generic/kvdefinekeys\kvdefinekeys.sty
Package: kvdefinekeys 2019-12-19 v1.6 Define keys (HO)
) (E:\Yaarian\Download_Software_Installation_Folder\MikTex\tex/generic/pdfescape\pdfescape.sty
Package: pdfescape 2019/12/09 v1.15 Implements pdfTeX's escape features (HO)
) (E:\Yaarian\Download_Software_Installation_Folder\MikTex\tex/latex/hycolor\hycolor.sty
Package: hycolor 2020-01-27 v1.10 Color options for hyperref/bookmark (HO)
) (E:\Yaarian\Download_Software_Installation_Folder\MikTex\tex/latex/letltxmacro\letltxmacro.sty
Package: letltxmacro 2019/12/03 v1.6 Let assignment for LaTeX macros (HO)
) (E:\Yaarian\Download_Software_Installation_Folder\MikTex\tex/latex/auxhook\auxhook.sty
Package: auxhook 2019-12-17 v1.6 Hooks for auxiliary files (HO)
)
\@linkdim=\dimen198
\Hy@linkcounter=\count303
\Hy@pagecounter=\count304
 (E:\Yaarian\Download_Software_Installation_Folder\MikTex\tex/latex/hyperref\pd1enc.def
File: pd1enc.def 2022-06-20 v7.00s Hyperref: PDFDocEncoding definition (HO)
Now handling font encoding PD1 ...
... no UTF-8 mapping file for font encoding PD1
) (E:\Yaarian\Download_Software_Installation_Folder\MikTex\tex/generic/intcalc\intcalc.sty
Package: intcalc 2019/12/15 v1.3 Expandable calculations with integers (HO)
) (E:\Yaarian\Download_Software_Installation_Folder\MikTex\tex/generic/etexcmds\etexcmds.sty
Package: etexcmds 2019/12/15 v1.7 Avoid name clashes with e-TeX commands (HO)
)
\Hy@SavedSpaceFactor=\count305
 (E:\Yaarian\Download_Software_Installation_Folder\MikTex\tex/latex/hyperref\puenc.def
File: puenc.def 2022-06-20 v7.00s Hyperref: PDF Unicode definition (HO)
Now handling font encoding PU ...
... no UTF-8 mapping file for font encoding PU
)
Package hyperref Info: Option `linktocpage' set `true' on input line 4045.
Package hyperref Info: Hyper figures OFF on input line 4162.
Package hyperref Info: Link nesting OFF on input line 4167.
Package hyperref Info: Hyper index ON on input line 4170.
Package hyperref Info: Plain pages OFF on input line 4177.
Package hyperref Info: Backreferencing OFF on input line 4182.
Package hyperref Info: Implicit mode ON; LaTeX internals redefined.
Package hyperref Info: Bookmarks ON on input line 4408.
\c@Hy@tempcnt=\count306
 (E:\Yaarian\Download_Software_Installation_Folder\MikTex\tex/latex/url\url.sty
\Urlmuskip=\muskip17
Package: url 2013/09/16  ver 3.4  Verb mode for urls, etc.
)
LaTeX Info: Redefining \url on input line 4746.
\XeTeXLinkMargin=\dimen199
 (E:\Yaarian\Download_Software_Installation_Folder\MikTex\tex/generic/bitset\bitset.sty
Package: bitset 2019/12/09 v1.3 Handle bit-vector datatype (HO)
 (E:\Yaarian\Download_Software_Installation_Folder\MikTex\tex/generic/bigintcalc\bigintcalc.sty
Package: bigintcalc 2019/12/15 v1.5 Expandable calculations on big integers (HO)
))
\Fld@menulength=\count307
\Field@Width=\dimen256
\Fld@charsize=\dimen257
Package hyperref Info: Hyper figures OFF on input line 6024.
Package hyperref Info: Link nesting OFF on input line 6029.
Package hyperref Info: Hyper index ON on input line 6032.
Package hyperref Info: backreferencing OFF on input line 6039.
Package hyperref Info: Link coloring OFF on input line 6044.
Package hyperref Info: Link coloring with OCG OFF on input line 6049.
Package hyperref Info: PDF/A mode OFF on input line 6054.
 (E:\Yaarian\Download_Software_Installation_Folder\MikTex\tex/latex/base\atbegshi-ltx.sty
Package: atbegshi-ltx 2021/01/10 v1.0c Emulation of the original atbegshi
package with kernel methods
)
\Hy@abspage=\count308
\c@Item=\count309
\c@Hfootnote=\count310
)
Package hyperref Info: Driver (autodetected): hpdftex.
 (E:\Yaarian\Download_Software_Installation_Folder\MikTex\tex/latex/hyperref\hpdftex.def
File: hpdftex.def 2022-06-20 v7.00s Hyperref driver for pdfTeX
 (E:\Yaarian\Download_Software_Installation_Folder\MikTex\tex/latex/base\atveryend-ltx.sty
Package: atveryend-ltx 2020/08/19 v1.0a Emulation of the original atveryend package
with kernel methods
)
\Fld@listcount=\count311
\c@bookmark@seq@number=\count312
 (E:\Yaarian\Download_Software_Installation_Folder\MikTex\tex/latex/rerunfilecheck\rerunfilecheck.sty
Package: rerunfilecheck 2019/12/05 v1.9 Rerun checks for auxiliary files (HO)
 (E:\Yaarian\Download_Software_Installation_Folder\MikTex\tex/generic/uniquecounter\uniquecounter.sty
Package: uniquecounter 2019/12/15 v1.4 Provide unlimited unique counter (HO)
)
Package uniquecounter Info: New unique counter `rerunfilecheck' on input line 286.
)
\Hy@SectionHShift=\skip68
)
Package hyperref Info: Option `colorlinks' set `true' on input line 14.
LaTeX Font Info:    Trying to load font information for OT1+Carlito-OsF on input line 17.
 (E:\Yaarian\Download_Software_Installation_Folder\MikTex\tex/latex/carlito\ot1carlito-osf.fd
File: OT1Carlito-OsF.fd 2014/08/20 (autoinst) Font definitions for OT1/Carlito-OsF.
)
LaTeX Font Info:    Font shape `OT1/Carlito-OsF/m/n' will be
(Font)              scaled to size 12.0pt on input line 17.
 (main.aux (Title.aux) (Chapter_01.aux))
\openout1 = `main.aux'.

LaTeX Font Info:    Checking defaults for OML/cmm/m/it on input line 17.
LaTeX Font Info:    ... okay on input line 17.
LaTeX Font Info:    Checking defaults for OMS/cmsy/m/n on input line 17.
LaTeX Font Info:    ... okay on input line 17.
LaTeX Font Info:    Checking defaults for OT1/cmr/m/n on input line 17.
LaTeX Font Info:    ... okay on input line 17.
LaTeX Font Info:    Checking defaults for T1/cmr/m/n on input line 17.
LaTeX Font Info:    ... okay on input line 17.
LaTeX Font Info:    Checking defaults for TS1/cmr/m/n on input line 17.
LaTeX Font Info:    ... okay on input line 17.
LaTeX Font Info:    Checking defaults for OMX/cmex/m/n on input line 17.
LaTeX Font Info:    ... okay on input line 17.
LaTeX Font Info:    Checking defaults for U/cmr/m/n on input line 17.
LaTeX Font Info:    ... okay on input line 17.
LaTeX Font Info:    Checking defaults for PD1/pdf/m/n on input line 17.
LaTeX Font Info:    ... okay on input line 17.
LaTeX Font Info:    Checking defaults for PU/pdf/m/n on input line 17.
LaTeX Font Info:    ... okay on input line 17.
 (E:\Yaarian\Download_Software_Installation_Folder\MikTex\tex/context/base/mkii\supp-pdf.mkii
[Loading MPS to PDF converter (version 2006.09.02).]
\scratchcounter=\count313
\scratchdimen=\dimen258
\scratchbox=\box60
\nofMPsegments=\count314
\nofMParguments=\count315
\everyMPshowfont=\toks36
\MPscratchCnt=\count316
\MPscratchDim=\dimen259
\MPnumerator=\count317
\makeMPintoPDFobject=\count318
\everyMPtoPDFconversion=\toks37
) (E:\Yaarian\Download_Software_Installation_Folder\MikTex\tex/latex/epstopdf-pkg\epstopdf-base.sty
Package: epstopdf-base 2020-01-24 v2.11 Base part for package epstopdf
Package epstopdf-base Info: Redefining graphics rule for `.eps' on input line 485.
 (E:\Yaarian\Download_Software_Installation_Folder\MikTex\tex/latex/00miktex\epstopdf-sys.cfg
File: epstopdf-sys.cfg 2021/03/18 v2.0 Configuration of epstopdf for MiKTeX
))
Package caption Info: Begin \AtBeginDocument code.
Package caption Info: hyperref package is loaded.
Package caption Info: End \AtBeginDocument code.

*geometry* driver: auto-detecting
*geometry* detected driver: pdftex
*geometry* verbose mode - [ preamble ] result:
* driver: pdftex
* paper: letterpaper
* layout: <same size as paper>
* layoutoffset:(h,v)=(0.0pt,0.0pt)
* modes: 
* h-part:(L,W,R)=(72.26999pt, 469.75502pt, 72.26999pt)
* v-part:(T,H,B)=(72.26999pt, 650.43001pt, 72.26999pt)
* \paperwidth=614.295pt
* \paperheight=794.96999pt
* \textwidth=469.75502pt
* \textheight=650.43001pt
* \oddsidemargin=0.0pt
* \evensidemargin=0.0pt
* \topmargin=-37.0pt
* \headheight=12.0pt
* \headsep=25.0pt
* \topskip=12.0pt
* \footskip=30.0pt
* \marginparwidth=44.0pt
* \marginparsep=10.0pt
* \columnsep=10.0pt
* \skip\footins=10.8pt plus 4.0pt minus 2.0pt
* \hoffset=0.0pt
* \voffset=0.0pt
* \mag=1000
* \@twocolumnfalse
* \@twosidefalse
* \@mparswitchfalse
* \@reversemarginfalse
* (1in=72.27pt=25.4mm, 1cm=28.453pt)

\c@mv@tabular=\count319
\c@mv@boldtabular=\count320
Package hyperref Info: Link coloring ON on input line 17.
(main.out) (main.out)
\@outlinefile=\write3
\openout3 = `main.out'.

\openout2 = `Title.aux'.

 (Title.tex
LaTeX Font Info:    Font shape `OT1/Carlito-OsF/b/n' will be
(Font)              scaled to size 18.0pt on input line 19.
LaTeX Font Info:    Font shape `OT1/Carlito-OsF/b/n' will be
(Font)              scaled to size 14.0pt on input line 25.
LaTeX Font Info:    Font shape `OT1/Carlito-OsF/m/n' will be
(Font)              scaled to size 14.0pt on input line 28.
LaTeX Font Info:    Font shape `OT1/Carlito-OsF/m/n' will be
(Font)              scaled to size 10.0pt on input line 47.
) [1



{C:/Users/User/AppData/Local/MiKTeX/fonts/map/pdftex/pdftex.map}]
LaTeX Font Info:    Font shape `OT1/Carlito-OsF/m/n' will be
(Font)              scaled to size 16.0pt on input line 28.
LaTeX Font Info:    Font shape `OT1/Carlito-OsF/b/n' will be
(Font)              scaled to size 16.0pt on input line 28.
 (main.toc
LaTeX Font Info:    Font shape `OT1/Carlito-OsF/b/n' will be
(Font)              scaled to size 12.0pt on input line 1.
)
\tf@toc=\write4
\openout4 = `main.toc'.

 [2




] (main.lof
LaTeX Font Info:    Trying to load font information for U+msa on input line 4.
 (E:\Yaarian\Download_Software_Installation_Folder\MikTex\tex/latex/amsfonts\umsa.fd
File: umsa.fd 2013/01/14 v3.01 AMS symbols A
)
LaTeX Font Info:    Trying to load font information for U+msb on input line 4.
 (E:\Yaarian\Download_Software_Installation_Folder\MikTex\tex/latex/amsfonts\umsb.fd
File: umsb.fd 2013/01/14 v3.01 AMS symbols B
))
\tf@lof=\write5
\openout5 = `main.lof'.

 [3


]
\openout2 = `Chapter_01.aux'.

 (Chapter_01.tex
Chapter 1.
LaTeX Font Info:    Font shape `OT1/Carlito-OsF/m/n' will be
(Font)              scaled to size 22.0pt on input line 1.
LaTeX Font Info:    Font shape `OT1/Carlito-OsF/b/n' will be
(Font)              scaled to size 22.0pt on input line 1.
[1



]
Chapter 2.
LaTeX Font Info:    Trying to load font information for TS1+Carlito-OsF on input line 22.
(E:\Yaarian\Download_Software_Installation_Folder\MikTex\tex/latex/carlito\ts1carlito-osf.fd
File: TS1Carlito-OsF.fd 2014/08/20 (autoinst) Font definitions for TS1/Carlito-OsF.
)
LaTeX Font Info:    Font shape `TS1/Carlito-OsF/m/n' will be
(Font)              scaled to size 12.0pt on input line 22.

Underfull \hbox (badness 1286) in paragraph at lines 26--28
\OT1/Carlito-OsF/m/n/12 MATLAB lets you take your ideas from re-search to pro-duc-tion by de-ploy-ing to en-ter-prise
 []


Underfull \hbox (badness 4036) in paragraph at lines 33--37
[]\OT1/Carlito-OsF/m/n/12 Toolboxes are a kind of application-specific so-lu-tions of-fered by Mat-lab. Be-ing
 []


Underfull \hbox (badness 1755) in paragraph at lines 33--37
\OT1/Carlito-OsF/m/n/12 ex-treme-lyIt's cru-cial for the ma-jor-ity of Mat-lab users that tool-boxes en-able learn-ing and
 []

[2

]
Chapter 3.
[3

]
<temp.png, id=78, 287.57437pt x 168.63pt>
File: temp.png Graphic file (type png)
<use temp.png>
Package pdftex.def Info: temp.png  used on input line 120.
(pdftex.def)             Requested size: 426.79134pt x 250.2735pt.
LaTeX Font Info:    Font shape `OT1/Carlito-OsF/m/n' will be
(Font)              scaled to size 11.0pt on input line 121.
LaTeX Font Info:    Font shape `OT1/Carlito-OsF/b/n' will be
(Font)              scaled to size 11.0pt on input line 121.
 [4] [5 <./temp.png>]
Chapter 4.
[6

]
Chapter 5.
) [7

] (main.aux (Title.aux) (Chapter_01.aux))
Package rerunfilecheck Info: File `main.out' has not changed.
(rerunfilecheck)             Checksum: 6654AE6E336131BB2348242287B8C5BF;707.
 ) 
Here is how much of TeX's memory you used:
 15748 strings out of 478351
 264069 string characters out of 2831897
 648153 words of memory out of 3000000
 33870 multiletter control sequences out of 15000+600000
 508582 words of font info for 61 fonts, out of 8000000 for 9000
 1141 hyphenation exceptions out of 8191
 87i,8n,91p,404b,614s stack positions out of 10000i,1000n,20000p,200000b,80000s
{E:/Yaarian/Download_Software_Installation_Folder/MikTex/fonts/enc/dvips/carlito/crlt_llspvt.enc}{E:/Yaarian/Download_Software_Installation_Folder/MikTex/fonts/enc/dvips/carlito/crlt_ssbojb.enc}<E:/Yaarian/Download_Software_Installation_Folder/MikTex/fonts/type1/typoland/carlito/Carlito-Bold.pfb><E:/Yaarian/Download_Software_Installation_Folder/MikTex/fonts/type1/typoland/carlito/Carlito.pfb><E:/Yaarian/Download_Software_Installation_Folder/MikTex/fonts/type1/public/amsfonts/cm/cmmi12.pfb><E:/Yaarian/Download_Software_Installation_Folder/MikTex/fonts/type1/public/amsfonts/cm/cmmi8.pfb><E:/Yaarian/Download_Software_Installation_Folder/MikTex/fonts/type1/public/amsfonts/cm/cmr12.pfb><E:/Yaarian/Download_Software_Installation_Folder/MikTex/fonts/type1/public/amsfonts/cm/cmr8.pfb><E:/Yaarian/Download_Software_Installation_Folder/MikTex/fonts/type1/public/amsfonts/cm/cmsy10.pfb><E:/Yaarian/Download_Software_Installation_Folder/MikTex/fonts/type1/public/amsfonts/cm/cmtt12.pfb>
Output written on main.pdf (10 pages, 143602 bytes).
PDF statistics:
 145 PDF objects out of 1000 (max. 8388607)
 23 named destinations out of 1000 (max. 500000)
 68 words of extra memory for PDF output out of 10000 (max. 10000000)

